<?xml version="1.0" encoding="UTF-8"?>
<!-- Generated by org.testng.reporters.JUnitReportReporter -->
<testsuite hostname="Devarsh-HP" failures="0" tests="2" name="Mavenjava.qaautomation.APITest" time="0.027" errors="0" timestamp="2021-12-06T15:03:33 CST" skipped="0">
  <testcase classname="Mavenjava.qaautomation.APITest" name="deleteTwitter" time="0.001"/>
  <system-out/>
  <testcase classname="Mavenjava.qaautomation.APITest" name="postJira" time="0.026"/>
  <system-out/>
</testsuite> <!-- Mavenjava.qaautomation.APITest -->
