<?xml version="1.0" encoding="UTF-8"?>
<!-- Generated by org.testng.reporters.JUnitReportReporter -->
<testsuite hostname="Devarsh-HP" failures="0" tests="2" name="Mavenjava.qaautomation.AppiumTest" time="0.009" errors="0" timestamp="2021-12-06T15:03:33 CST" skipped="0">
  <testcase classname="Mavenjava.qaautomation.AppiumTest" name="nativeAppAndroid" time="0.009"/>
  <system-out/>
  <testcase classname="Mavenjava.qaautomation.AppiumTest" name="iosApps" time="0.000"/>
  <system-out/>
</testsuite> <!-- Mavenjava.qaautomation.AppiumTest -->
