<?xml version="1.0" encoding="UTF-8"?>
<!-- Generated by org.testng.reporters.JUnitReportReporter -->
<testsuite hostname="Devarsh-HP" failures="0" tests="2" name="Mavenjava.qaautomation.SeleniumTest" time="0.014" errors="0" timestamp="2021-12-06T15:04:29 CST" skipped="0">
  <testcase classname="Mavenjava.qaautomation.SeleniumTest" name="elementUi" time="0.001"/>
  <system-out/>
  <testcase classname="Mavenjava.qaautomation.SeleniumTest" name="browserAutomation" time="0.013"/>
  <system-out/>
</testsuite> <!-- Mavenjava.qaautomation.SeleniumTest -->
